-- The C compiler identification is GNU 9.3.0
-- The CXX compiler identification is GNU 9.3.0
-- Check for working C compiler: /usr/bin/cc
-- Check for working C compiler: /usr/bin/cc -- works
-- Detecting C compiler ABI info
-- Detecting C compiler ABI info - done
-- Detecting C compile features
-- Detecting C compile features - done
-- Check for working CXX compiler: /usr/bin/c++
-- Check for working CXX compiler: /usr/bin/c++ -- works
-- Detecting CXX compiler ABI info
-- Detecting CXX compiler ABI info - done
-- Detecting CXX compile features
-- Detecting CXX compile features - done
-- Found ament_cmake: 0.9.9 (/home/alikasim/ros2_foxy/install/ament_cmake/share/ament_cmake/cmake)
-- Found PythonInterp: /usr/bin/python3 (found suitable version "3.8.10", minimum required is "3") 
-- Using PYTHON_EXECUTABLE: /usr/bin/python3
-- Found rclcpp: 2.4.0 (/home/alikasim/ros2_foxy/install/rclcpp/share/rclcpp/cmake)
-- Using all available rosidl_typesupport_c: rosidl_typesupport_introspection_c;rosidl_typesupport_fastrtps_c
-- Found rosidl_adapter: 1.2.1 (/home/alikasim/ros2_foxy/install/rosidl_adapter/share/rosidl_adapter/cmake)
-- Found OpenSSL: /usr/lib/x86_64-linux-gnu/libcrypto.so (found version "1.1.1f")  
-- Found FastRTPS: /home/alikasim/ros2_foxy/install/fastrtps/include  
-- Using all available rosidl_typesupport_cpp: rosidl_typesupport_introspection_cpp;rosidl_typesupport_fastrtps_cpp
-- Found rmw_implementation_cmake: 1.0.3 (/home/alikasim/ros2_foxy/install/rmw_implementation_cmake/share/rmw_implementation_cmake/cmake)
-- Using RMW implementation 'rmw_fastrtps_cpp' as default
-- Looking for pthread.h
-- Looking for pthread.h - found
-- Performing Test CMAKE_HAVE_LIBC_PTHREAD
-- Performing Test CMAKE_HAVE_LIBC_PTHREAD - Failed
-- Looking for pthread_create in pthreads
-- Looking for pthread_create in pthreads - not found
-- Looking for pthread_create in pthread
-- Looking for pthread_create in pthread - found
-- Found Threads: TRUE  
-- Found turtlesim: 1.2.5 (/home/alikasim/ros2_foxy/install/turtlesim/share/turtlesim/cmake)
-- Found ament_lint_auto: 0.9.6 (/home/alikasim/ros2_foxy/install/ament_lint_auto/share/ament_lint_auto/cmake)
-- Added test 'copyright' to check source files copyright and LICENSE
-- Added test 'cppcheck' to perform static code analysis on C / C++ code
-- Configured cppcheck include dirs: 
-- Configured cppcheck exclude dirs and/or files: 
-- Added test 'cpplint' to check C / C++ code against the Google style
-- Configured cpplint exclude dirs and/or files: 
-- Added test 'lint_cmake' to check CMake code style
-- Added test 'uncrustify' to check C / C++ code style
-- Configured uncrustify additional arguments: 
-- Added test 'xmllint' to check XML markup files
-- Configuring done
-- Generating done
-- Build files have been written to: /home/alikasim/dev_ws/src/software_training_assingment/build/software_training_assingment
[35m[1mScanning dependencies of target client[0m
[ 50%] [32mBuilding CXX object CMakeFiles/client.dir/src/clear_turtles.cpp.o[0m
[01m[K/home/alikasim/dev_ws/src/software_training_assingment/src/clear_turtles.cpp:[m[K In function â€˜[01m[Kint main(int, char**)[m[Kâ€™:
[01m[K/home/alikasim/dev_ws/src/software_training_assingment/src/clear_turtles.cpp:14:18:[m[K [01;31m[Kerror: [m[Kâ€˜[01m[Kexample_interfaces[m[Kâ€™ was not declared in this scope; did you mean â€˜[01m[Krcl_interfaces[m[Kâ€™?
   14 |   rclcpp::Client<[01;31m[Kexample_interfaces[m[K::srv::AddTwoInts>::SharedPtr client =
      |                  [01;31m[K^~~~~~~~~~~~~~~~~~[m[K
      |                  [32m[Krcl_interfaces[m[K
[01m[K/home/alikasim/dev_ws/src/software_training_assingment/src/clear_turtles.cpp:14:53:[m[K [01;31m[Kerror: [m[Ktemplate argument 1 is invalid
   14 |   rclcpp::Client<example_interfaces::srv::AddTwoInts[01;31m[K>[m[K::SharedPtr client =
      |                                                     [01;31m[K^[m[K
[01m[K/home/alikasim/dev_ws/src/software_training_assingment/src/clear_turtles.cpp:14:66:[m[K [01;31m[Kerror: [m[Kqualified-id in declaration before â€˜[01m[Kclient[m[Kâ€™
   14 |   rclcpp::Client<example_interfaces::srv::AddTwoInts>::SharedPtr [01;31m[Kclient[m[K =
      |                                                                  [01;31m[K^~~~~~[m[K
[01m[K/home/alikasim/dev_ws/src/software_training_assingment/src/clear_turtles.cpp:17:35:[m[K [01;31m[Kerror: [m[Kâ€˜[01m[Kstd_srvs[m[Kâ€™ was not declared in this scope
   17 |   auto request = std::make_shared<[01;31m[Kstd_srvs[m[K::srv::Kill::Request>();
      |                                   [01;31m[K^~~~~~~~[m[K
[01m[K/home/alikasim/dev_ws/src/software_training_assingment/src/clear_turtles.cpp:17:23:[m[K [01;31m[Kerror: [m[Kparse error in template argument list
   17 |   auto request = std::[01;31m[Kmake_shared<std_srvs::srv::Kill::Request>[m[K();
      |                       [01;31m[K^~~~~~~~~~~~~~~~~~~~~~~~~~~~~~~~~~~~~~~~~[m[K
[01m[K/home/alikasim/dev_ws/src/software_training_assingment/src/clear_turtles.cpp:17:65:[m[K [01;31m[Kerror: [m[Kno matching function for call to â€˜[01m[Kmake_shared<<expression error> >()[m[Kâ€™
   17 |   auto request = std::make_shared<std_srvs::srv::Kill::Request>([01;31m[K)[m[K;
      |                                                                 [01;31m[K^[m[K
In file included from [01m[K/usr/include/c++/9/memory:81[m[K,
                 from [01m[K/home/alikasim/ros2_foxy/install/rclcpp/include/rclcpp/rclcpp.hpp:144[m[K,
                 from [01m[K/home/alikasim/dev_ws/src/software_training_assingment/src/clear_turtles.cpp:1[m[K:
[01m[K/usr/include/c++/9/bits/shared_ptr.h:714:5:[m[K [01;36m[Knote: [m[Kcandidate: â€˜[01m[Ktemplate<class _Tp, class ... _Args> std::shared_ptr<_Tp> std::make_shared(_Args&& ...)[m[Kâ€™
  714 |     [01;36m[Kmake_shared[m[K(_Args&&... __args)
      |     [01;36m[K^~~~~~~~~~~[m[K
[01m[K/usr/include/c++/9/bits/shared_ptr.h:714:5:[m[K [01;36m[Knote: [m[K  template argument deduction/substitution failed:
[01m[K/home/alikasim/dev_ws/src/software_training_assingment/src/clear_turtles.cpp:17:65:[m[K [01;31m[Kerror: [m[Ktemplate argument 1 is invalid
   17 |   auto request = std::make_shared<std_srvs::srv::Kill::Request>([01;31m[K)[m[K;
      |                                                                 [01;31m[K^[m[K
[01m[K/home/alikasim/dev_ws/src/software_training_assingment/src/clear_turtles.cpp:22:11:[m[K [01;31m[Kerror: [m[Kâ€˜[01m[Kclient[m[Kâ€™ was not declared in this scope
   22 |   while (![01;31m[Kclient[m[K->wait_for_service(1s)) {
      |           [01;31m[K^~~~~~[m[K
[01m[K/home/alikasim/dev_ws/src/software_training_assingment/src/clear_turtles.cpp:30:17:[m[K [01;31m[Kerror: [m[Kâ€˜[01m[Kclient[m[Kâ€™ was not declared in this scope
   30 |   auto result = [01;31m[Kclient[m[K->async_send_request(request);
      |                 [01;31m[K^~~~~~[m[K
make[2]: *** [CMakeFiles/client.dir/build.make:63: CMakeFiles/client.dir/src/clear_turtles.cpp.o] Error 1
make[1]: *** [CMakeFiles/Makefile2:78: CMakeFiles/client.dir/all] Error 2
make: *** [Makefile:141: all] Error 2
