[0.080s] Invoking command in '/home/alikasim/dev_ws/src/software_training_assingment/build/software_training_assingment': CMAKE_PREFIX_PATH=${CMAKE_PREFIX_PATH}:/home/alikasim/ros2_foxy/install/ros2bag:/home/alikasim/ros2_foxy/install/tracetools_launch:/home/alikasim/ros2_foxy/install/topic_monitor:/home/alikasim/ros2_foxy/install/examples_tf2_py:/home/alikasim/ros2_foxy/install/sros2:/home/alikasim/ros2_foxy/install/rqt_topic:/home/alikasim/ros2_foxy/install/rqt_top:/home/alikasim/ros2_foxy/install/rqt_srv:/home/alikasim/ros2_foxy/install/rqt_shell:/home/alikasim/ros2_foxy/install/rqt_service_caller:/home/alikasim/ros2_foxy/install/rqt_reconfigure:/home/alikasim/ros2_foxy/install/rqt_py_console:/home/alikasim/ros2_foxy/install/rqt_publisher:/home/alikasim/ros2_foxy/install/rqt_plot:/home/alikasim/ros2_foxy/install/rqt_action:/home/alikasim/ros2_foxy/install/rqt_msg:/home/alikasim/ros2_foxy/install/rqt:/home/alikasim/ros2_foxy/install/rqt_graph:/home/alikasim/ros2_foxy/install/rqt_gui_py:/home/alikasim/ros2_foxy/install/rqt_gui:/home/alikasim/ros2_foxy/install/ros2trace:/home/alikasim/ros2_foxy/install/ros2topic:/home/alikasim/ros2_foxy/install/ros2test:/home/alikasim/ros2_foxy/install/ros2component:/home/alikasim/ros2_foxy/install/ros2param:/home/alikasim/ros2_foxy/install/ros2lifecycle:/home/alikasim/ros2_foxy/install/ros2service:/home/alikasim/ros2_foxy/install/ros2run:/home/alikasim/ros2_foxy/install/ros2launch:/home/alikasim/ros2_foxy/install/ros2pkg:/home/alikasim/ros2_foxy/install/ros2node:/home/alikasim/ros2_foxy/install/ros2multicast:/home/alikasim/ros2_foxy/install/ros2interface:/home/alikasim/ros2_foxy/install/ros2doctor:/home/alikasim/ros2_foxy/install/ros2action:/home/alikasim/ros2_foxy/install/ros2cli:/home/alikasim/ros2_foxy/install/quality_of_service_demo_py:/home/alikasim/ros2_foxy/install/launch_testing_ros:/home/alikasim/ros2_foxy/install/launch_ros:/home/alikasim/ros2_foxy/install/examples_rclpy_minimal_subscriber:/home/alikasim/ros2_foxy/install/examples_rclpy_minimal_service:/home/alikasim/ros2_foxy/install/examples_rclpy_minimal_publisher:/home/alikasim/ros2_foxy/install/examples_rclpy_minimal_client:/home/alikasim/ros2_foxy/install/examples_rclpy_minimal_action_server:/home/alikasim/ros2_foxy/install/examples_rclpy_minimal_action_client:/home/alikasim/ros2_foxy/install/examples_rclpy_executors:/home/alikasim/ros2_foxy/install/demo_nodes_py:/home/alikasim/ros2_foxy/install/action_tutorials_py:/home/alikasim/ros2_foxy/install/ament_uncrustify:/home/alikasim/ros2_foxy/install/tracetools_trace:/home/alikasim/ros2_foxy/install/tracetools_read:/home/alikasim/ros2_foxy/install/test_launch_ros:/home/alikasim/ros2_foxy/install/sensor_msgs_py:/home/alikasim/ros2_foxy/install/rpyutils:/home/alikasim/ros2_foxy/install/rosidl_runtime_py:/home/alikasim/ros2_foxy/install/launch_yaml:/home/alikasim/ros2_foxy/install/launch_xml:/home/alikasim/ros2_foxy/install/launch_testing:/home/alikasim/ros2_foxy/install/launch:/home/alikasim/ros2_foxy/install/osrf_pycommon:/home/alikasim/ros2_foxy/install/domain_coordinator:/home/alikasim/ros2_foxy/install/ament_xmllint:/home/alikasim/ros2_foxy/install/ament_pyflakes:/home/alikasim/ros2_foxy/install/ament_pycodestyle:/home/alikasim/ros2_foxy/install/ament_pep257:/home/alikasim/ros2_foxy/install/ament_pclint:/home/alikasim/ros2_foxy/install/ament_package:/home/alikasim/ros2_foxy/install/ament_mypy:/home/alikasim/ros2_foxy/install/ament_lint_cmake:/home/alikasim/ros2_foxy/install/ament_flake8:/home/alikasim/ros2_foxy/install/ament_copyright:/home/alikasim/ros2_foxy/install/ament_lint:/home/alikasim/ros2_foxy/install/ament_index_python:/home/alikasim/ros2_foxy/install/ament_cpplint:/home/alikasim/ros2_foxy/install/ament_cppcheck:/home/alikasim/ros2_foxy/install/ament_clang_tidy:/home/alikasim/ros2_foxy/install/ament_clang_format /usr/bin/cmake /home/alikasim/dev_ws/src/software_training_assingment -DCMAKE_INSTALL_PREFIX=/home/alikasim/dev_ws/src/software_training_assingment/install/software_training_assingment
[0.520s] -- The C compiler identification is GNU 9.3.0
[0.849s] -- The CXX compiler identification is GNU 9.3.0
[0.876s] -- Check for working C compiler: /usr/bin/cc
[1.092s] -- Check for working C compiler: /usr/bin/cc -- works
[1.094s] -- Detecting C compiler ABI info
[1.227s] -- Detecting C compiler ABI info - done
[1.240s] -- Detecting C compile features
[1.241s] -- Detecting C compile features - done
[1.244s] -- Check for working CXX compiler: /usr/bin/c++
[1.388s] -- Check for working CXX compiler: /usr/bin/c++ -- works
[1.389s] -- Detecting CXX compiler ABI info
[1.584s] -- Detecting CXX compiler ABI info - done
[1.598s] -- Detecting CXX compile features
[1.598s] -- Detecting CXX compile features - done
[2.130s] -- Found ament_cmake: 0.9.9 (/home/alikasim/ros2_foxy/install/ament_cmake/share/ament_cmake/cmake)
[2.666s] -- Found PythonInterp: /usr/bin/python3 (found suitable version "3.8.10", minimum required is "3") 
[2.666s] -- Using PYTHON_EXECUTABLE: /usr/bin/python3
[4.426s] -- Found rclcpp: 2.4.0 (/home/alikasim/ros2_foxy/install/rclcpp/share/rclcpp/cmake)
[5.938s] -- Using all available rosidl_typesupport_c: rosidl_typesupport_introspection_c;rosidl_typesupport_fastrtps_c
[6.156s] -- Found rosidl_adapter: 1.2.1 (/home/alikasim/ros2_foxy/install/rosidl_adapter/share/rosidl_adapter/cmake)
[9.338s] -- Found OpenSSL: /usr/lib/x86_64-linux-gnu/libcrypto.so (found version "1.1.1f")  
[9.575s] -- Found FastRTPS: /home/alikasim/ros2_foxy/install/fastrtps/include  
[10.569s] -- Using all available rosidl_typesupport_cpp: rosidl_typesupport_introspection_cpp;rosidl_typesupport_fastrtps_cpp
[11.432s] -- Found rmw_implementation_cmake: 1.0.3 (/home/alikasim/ros2_foxy/install/rmw_implementation_cmake/share/rmw_implementation_cmake/cmake)
[11.600s] -- Using RMW implementation 'rmw_fastrtps_cpp' as default
[11.613s] -- Looking for pthread.h
[11.822s] -- Looking for pthread.h - found
[11.822s] -- Performing Test CMAKE_HAVE_LIBC_PTHREAD
[11.964s] -- Performing Test CMAKE_HAVE_LIBC_PTHREAD - Failed
[11.965s] -- Looking for pthread_create in pthreads
[12.086s] -- Looking for pthread_create in pthreads - not found
[12.086s] -- Looking for pthread_create in pthread
[12.219s] -- Looking for pthread_create in pthread - found
[12.221s] -- Found Threads: TRUE  
[13.288s] -- Found turtlesim: 1.2.5 (/home/alikasim/ros2_foxy/install/turtlesim/share/turtlesim/cmake)
[14.310s] -- Found ament_lint_auto: 0.9.6 (/home/alikasim/ros2_foxy/install/ament_lint_auto/share/ament_lint_auto/cmake)
[15.450s] -- Added test 'copyright' to check source files copyright and LICENSE
[15.476s] -- Added test 'cppcheck' to perform static code analysis on C / C++ code
[15.477s] -- Configured cppcheck include dirs: 
[15.477s] -- Configured cppcheck exclude dirs and/or files: 
[15.488s] -- Added test 'cpplint' to check C / C++ code against the Google style
[15.488s] -- Configured cpplint exclude dirs and/or files: 
[15.496s] -- Added test 'lint_cmake' to check CMake code style
[15.505s] -- Added test 'uncrustify' to check C / C++ code style
[15.505s] -- Configured uncrustify additional arguments: 
[15.511s] -- Added test 'xmllint' to check XML markup files
[15.524s] -- Configuring done
[15.538s] -- Generating done
[15.540s] -- Build files have been written to: /home/alikasim/dev_ws/src/software_training_assingment/build/software_training_assingment
[15.549s] Invoked command in '/home/alikasim/dev_ws/src/software_training_assingment/build/software_training_assingment' returned '0': CMAKE_PREFIX_PATH=${CMAKE_PREFIX_PATH}:/home/alikasim/ros2_foxy/install/ros2bag:/home/alikasim/ros2_foxy/install/tracetools_launch:/home/alikasim/ros2_foxy/install/topic_monitor:/home/alikasim/ros2_foxy/install/examples_tf2_py:/home/alikasim/ros2_foxy/install/sros2:/home/alikasim/ros2_foxy/install/rqt_topic:/home/alikasim/ros2_foxy/install/rqt_top:/home/alikasim/ros2_foxy/install/rqt_srv:/home/alikasim/ros2_foxy/install/rqt_shell:/home/alikasim/ros2_foxy/install/rqt_service_caller:/home/alikasim/ros2_foxy/install/rqt_reconfigure:/home/alikasim/ros2_foxy/install/rqt_py_console:/home/alikasim/ros2_foxy/install/rqt_publisher:/home/alikasim/ros2_foxy/install/rqt_plot:/home/alikasim/ros2_foxy/install/rqt_action:/home/alikasim/ros2_foxy/install/rqt_msg:/home/alikasim/ros2_foxy/install/rqt:/home/alikasim/ros2_foxy/install/rqt_graph:/home/alikasim/ros2_foxy/install/rqt_gui_py:/home/alikasim/ros2_foxy/install/rqt_gui:/home/alikasim/ros2_foxy/install/ros2trace:/home/alikasim/ros2_foxy/install/ros2topic:/home/alikasim/ros2_foxy/install/ros2test:/home/alikasim/ros2_foxy/install/ros2component:/home/alikasim/ros2_foxy/install/ros2param:/home/alikasim/ros2_foxy/install/ros2lifecycle:/home/alikasim/ros2_foxy/install/ros2service:/home/alikasim/ros2_foxy/install/ros2run:/home/alikasim/ros2_foxy/install/ros2launch:/home/alikasim/ros2_foxy/install/ros2pkg:/home/alikasim/ros2_foxy/install/ros2node:/home/alikasim/ros2_foxy/install/ros2multicast:/home/alikasim/ros2_foxy/install/ros2interface:/home/alikasim/ros2_foxy/install/ros2doctor:/home/alikasim/ros2_foxy/install/ros2action:/home/alikasim/ros2_foxy/install/ros2cli:/home/alikasim/ros2_foxy/install/quality_of_service_demo_py:/home/alikasim/ros2_foxy/install/launch_testing_ros:/home/alikasim/ros2_foxy/install/launch_ros:/home/alikasim/ros2_foxy/install/examples_rclpy_minimal_subscriber:/home/alikasim/ros2_foxy/install/examples_rclpy_minimal_service:/home/alikasim/ros2_foxy/install/examples_rclpy_minimal_publisher:/home/alikasim/ros2_foxy/install/examples_rclpy_minimal_client:/home/alikasim/ros2_foxy/install/examples_rclpy_minimal_action_server:/home/alikasim/ros2_foxy/install/examples_rclpy_minimal_action_client:/home/alikasim/ros2_foxy/install/examples_rclpy_executors:/home/alikasim/ros2_foxy/install/demo_nodes_py:/home/alikasim/ros2_foxy/install/action_tutorials_py:/home/alikasim/ros2_foxy/install/ament_uncrustify:/home/alikasim/ros2_foxy/install/tracetools_trace:/home/alikasim/ros2_foxy/install/tracetools_read:/home/alikasim/ros2_foxy/install/test_launch_ros:/home/alikasim/ros2_foxy/install/sensor_msgs_py:/home/alikasim/ros2_foxy/install/rpyutils:/home/alikasim/ros2_foxy/install/rosidl_runtime_py:/home/alikasim/ros2_foxy/install/launch_yaml:/home/alikasim/ros2_foxy/install/launch_xml:/home/alikasim/ros2_foxy/install/launch_testing:/home/alikasim/ros2_foxy/install/launch:/home/alikasim/ros2_foxy/install/osrf_pycommon:/home/alikasim/ros2_foxy/install/domain_coordinator:/home/alikasim/ros2_foxy/install/ament_xmllint:/home/alikasim/ros2_foxy/install/ament_pyflakes:/home/alikasim/ros2_foxy/install/ament_pycodestyle:/home/alikasim/ros2_foxy/install/ament_pep257:/home/alikasim/ros2_foxy/install/ament_pclint:/home/alikasim/ros2_foxy/install/ament_package:/home/alikasim/ros2_foxy/install/ament_mypy:/home/alikasim/ros2_foxy/install/ament_lint_cmake:/home/alikasim/ros2_foxy/install/ament_flake8:/home/alikasim/ros2_foxy/install/ament_copyright:/home/alikasim/ros2_foxy/install/ament_lint:/home/alikasim/ros2_foxy/install/ament_index_python:/home/alikasim/ros2_foxy/install/ament_cpplint:/home/alikasim/ros2_foxy/install/ament_cppcheck:/home/alikasim/ros2_foxy/install/ament_clang_tidy:/home/alikasim/ros2_foxy/install/ament_clang_format /usr/bin/cmake /home/alikasim/dev_ws/src/software_training_assingment -DCMAKE_INSTALL_PREFIX=/home/alikasim/dev_ws/src/software_training_assingment/install/software_training_assingment
[15.552s] Invoking command in '/home/alikasim/dev_ws/src/software_training_assingment/build/software_training_assingment': CMAKE_PREFIX_PATH=${CMAKE_PREFIX_PATH}:/home/alikasim/ros2_foxy/install/ros2bag:/home/alikasim/ros2_foxy/install/tracetools_launch:/home/alikasim/ros2_foxy/install/topic_monitor:/home/alikasim/ros2_foxy/install/examples_tf2_py:/home/alikasim/ros2_foxy/install/sros2:/home/alikasim/ros2_foxy/install/rqt_topic:/home/alikasim/ros2_foxy/install/rqt_top:/home/alikasim/ros2_foxy/install/rqt_srv:/home/alikasim/ros2_foxy/install/rqt_shell:/home/alikasim/ros2_foxy/install/rqt_service_caller:/home/alikasim/ros2_foxy/install/rqt_reconfigure:/home/alikasim/ros2_foxy/install/rqt_py_console:/home/alikasim/ros2_foxy/install/rqt_publisher:/home/alikasim/ros2_foxy/install/rqt_plot:/home/alikasim/ros2_foxy/install/rqt_action:/home/alikasim/ros2_foxy/install/rqt_msg:/home/alikasim/ros2_foxy/install/rqt:/home/alikasim/ros2_foxy/install/rqt_graph:/home/alikasim/ros2_foxy/install/rqt_gui_py:/home/alikasim/ros2_foxy/install/rqt_gui:/home/alikasim/ros2_foxy/install/ros2trace:/home/alikasim/ros2_foxy/install/ros2topic:/home/alikasim/ros2_foxy/install/ros2test:/home/alikasim/ros2_foxy/install/ros2component:/home/alikasim/ros2_foxy/install/ros2param:/home/alikasim/ros2_foxy/install/ros2lifecycle:/home/alikasim/ros2_foxy/install/ros2service:/home/alikasim/ros2_foxy/install/ros2run:/home/alikasim/ros2_foxy/install/ros2launch:/home/alikasim/ros2_foxy/install/ros2pkg:/home/alikasim/ros2_foxy/install/ros2node:/home/alikasim/ros2_foxy/install/ros2multicast:/home/alikasim/ros2_foxy/install/ros2interface:/home/alikasim/ros2_foxy/install/ros2doctor:/home/alikasim/ros2_foxy/install/ros2action:/home/alikasim/ros2_foxy/install/ros2cli:/home/alikasim/ros2_foxy/install/quality_of_service_demo_py:/home/alikasim/ros2_foxy/install/launch_testing_ros:/home/alikasim/ros2_foxy/install/launch_ros:/home/alikasim/ros2_foxy/install/examples_rclpy_minimal_subscriber:/home/alikasim/ros2_foxy/install/examples_rclpy_minimal_service:/home/alikasim/ros2_foxy/install/examples_rclpy_minimal_publisher:/home/alikasim/ros2_foxy/install/examples_rclpy_minimal_client:/home/alikasim/ros2_foxy/install/examples_rclpy_minimal_action_server:/home/alikasim/ros2_foxy/install/examples_rclpy_minimal_action_client:/home/alikasim/ros2_foxy/install/examples_rclpy_executors:/home/alikasim/ros2_foxy/install/demo_nodes_py:/home/alikasim/ros2_foxy/install/action_tutorials_py:/home/alikasim/ros2_foxy/install/ament_uncrustify:/home/alikasim/ros2_foxy/install/tracetools_trace:/home/alikasim/ros2_foxy/install/tracetools_read:/home/alikasim/ros2_foxy/install/test_launch_ros:/home/alikasim/ros2_foxy/install/sensor_msgs_py:/home/alikasim/ros2_foxy/install/rpyutils:/home/alikasim/ros2_foxy/install/rosidl_runtime_py:/home/alikasim/ros2_foxy/install/launch_yaml:/home/alikasim/ros2_foxy/install/launch_xml:/home/alikasim/ros2_foxy/install/launch_testing:/home/alikasim/ros2_foxy/install/launch:/home/alikasim/ros2_foxy/install/osrf_pycommon:/home/alikasim/ros2_foxy/install/domain_coordinator:/home/alikasim/ros2_foxy/install/ament_xmllint:/home/alikasim/ros2_foxy/install/ament_pyflakes:/home/alikasim/ros2_foxy/install/ament_pycodestyle:/home/alikasim/ros2_foxy/install/ament_pep257:/home/alikasim/ros2_foxy/install/ament_pclint:/home/alikasim/ros2_foxy/install/ament_package:/home/alikasim/ros2_foxy/install/ament_mypy:/home/alikasim/ros2_foxy/install/ament_lint_cmake:/home/alikasim/ros2_foxy/install/ament_flake8:/home/alikasim/ros2_foxy/install/ament_copyright:/home/alikasim/ros2_foxy/install/ament_lint:/home/alikasim/ros2_foxy/install/ament_index_python:/home/alikasim/ros2_foxy/install/ament_cpplint:/home/alikasim/ros2_foxy/install/ament_cppcheck:/home/alikasim/ros2_foxy/install/ament_clang_tidy:/home/alikasim/ros2_foxy/install/ament_clang_format /usr/bin/cmake --build /home/alikasim/dev_ws/src/software_training_assingment/build/software_training_assingment -- -j8 -l8
[15.650s] [35m[1mScanning dependencies of target client[0m
[17.019s] [ 50%] [32mBuilding CXX object CMakeFiles/client.dir/src/clear_turtles.cpp.o[0m
[18.523s] [01m[K/home/alikasim/dev_ws/src/software_training_assingment/src/clear_turtles.cpp:[m[K In function â€˜[01m[Kint main(int, char**)[m[Kâ€™:
[18.523s] [01m[K/home/alikasim/dev_ws/src/software_training_assingment/src/clear_turtles.cpp:14:18:[m[K [01;31m[Kerror: [m[Kâ€˜[01m[Kexample_interfaces[m[Kâ€™ was not declared in this scope; did you mean â€˜[01m[Krcl_interfaces[m[Kâ€™?
[18.523s]    14 |   rclcpp::Client<[01;31m[Kexample_interfaces[m[K::srv::AddTwoInts>::SharedPtr client =
[18.523s]       |                  [01;31m[K^~~~~~~~~~~~~~~~~~[m[K
[18.523s]       |                  [32m[Krcl_interfaces[m[K
[18.523s] [01m[K/home/alikasim/dev_ws/src/software_training_assingment/src/clear_turtles.cpp:14:53:[m[K [01;31m[Kerror: [m[Ktemplate argument 1 is invalid
[18.523s]    14 |   rclcpp::Client<example_interfaces::srv::AddTwoInts[01;31m[K>[m[K::SharedPtr client =
[18.523s]       |                                                     [01;31m[K^[m[K
[18.523s] [01m[K/home/alikasim/dev_ws/src/software_training_assingment/src/clear_turtles.cpp:14:66:[m[K [01;31m[Kerror: [m[Kqualified-id in declaration before â€˜[01m[Kclient[m[Kâ€™
[18.523s]    14 |   rclcpp::Client<example_interfaces::srv::AddTwoInts>::SharedPtr [01;31m[Kclient[m[K =
[18.523s]       |                                                                  [01;31m[K^~~~~~[m[K
[18.524s] [01m[K/home/alikasim/dev_ws/src/software_training_assingment/src/clear_turtles.cpp:17:35:[m[K [01;31m[Kerror: [m[Kâ€˜[01m[Kstd_srvs[m[Kâ€™ was not declared in this scope
[18.524s]    17 |   auto request = std::make_shared<[01;31m[Kstd_srvs[m[K::srv::Kill::Request>();
[18.525s]       |                                   [01;31m[K^~~~~~~~[m[K
[18.525s] [01m[K/home/alikasim/dev_ws/src/software_training_assingment/src/clear_turtles.cpp:17:23:[m[K [01;31m[Kerror: [m[Kparse error in template argument list
[18.525s]    17 |   auto request = std::[01;31m[Kmake_shared<std_srvs::srv::Kill::Request>[m[K();
[18.525s]       |                       [01;31m[K^~~~~~~~~~~~~~~~~~~~~~~~~~~~~~~~~~~~~~~~~[m[K
[18.525s] [01m[K/home/alikasim/dev_ws/src/software_training_assingment/src/clear_turtles.cpp:17:65:[m[K [01;31m[Kerror: [m[Kno matching function for call to â€˜[01m[Kmake_shared<<expression error> >()[m[Kâ€™
[18.525s]    17 |   auto request = std::make_shared<std_srvs::srv::Kill::Request>([01;31m[K)[m[K;
[18.525s]       |                                                                 [01;31m[K^[m[K
[18.525s] In file included from [01m[K/usr/include/c++/9/memory:81[m[K,
[18.525s]                  from [01m[K/home/alikasim/ros2_foxy/install/rclcpp/include/rclcpp/rclcpp.hpp:144[m[K,
[18.525s]                  from [01m[K/home/alikasim/dev_ws/src/software_training_assingment/src/clear_turtles.cpp:1[m[K:
[18.525s] [01m[K/usr/include/c++/9/bits/shared_ptr.h:714:5:[m[K [01;36m[Knote: [m[Kcandidate: â€˜[01m[Ktemplate<class _Tp, class ... _Args> std::shared_ptr<_Tp> std::make_shared(_Args&& ...)[m[Kâ€™
[18.525s]   714 |     [01;36m[Kmake_shared[m[K(_Args&&... __args)
[18.526s]       |     [01;36m[K^~~~~~~~~~~[m[K
[18.526s] [01m[K/usr/include/c++/9/bits/shared_ptr.h:714:5:[m[K [01;36m[Knote: [m[K  template argument deduction/substitution failed:
[18.526s] [01m[K/home/alikasim/dev_ws/src/software_training_assingment/src/clear_turtles.cpp:17:65:[m[K [01;31m[Kerror: [m[Ktemplate argument 1 is invalid
[18.526s]    17 |   auto request = std::make_shared<std_srvs::srv::Kill::Request>([01;31m[K)[m[K;
[18.526s]       |                                                                 [01;31m[K^[m[K
[18.526s] [01m[K/home/alikasim/dev_ws/src/software_training_assingment/src/clear_turtles.cpp:22:11:[m[K [01;31m[Kerror: [m[Kâ€˜[01m[Kclient[m[Kâ€™ was not declared in this scope
[18.526s]    22 |   while (![01;31m[Kclient[m[K->wait_for_service(1s)) {
[18.526s]       |           [01;31m[K^~~~~~[m[K
[18.528s] [01m[K/home/alikasim/dev_ws/src/software_training_assingment/src/clear_turtles.cpp:30:17:[m[K [01;31m[Kerror: [m[Kâ€˜[01m[Kclient[m[Kâ€™ was not declared in this scope
[18.528s]    30 |   auto result = [01;31m[Kclient[m[K->async_send_request(request);
[18.529s]       |                 [01;31m[K^~~~~~[m[K
[19.097s] make[2]: *** [CMakeFiles/client.dir/build.make:63: CMakeFiles/client.dir/src/clear_turtles.cpp.o] Error 1
[19.097s] make[1]: *** [CMakeFiles/Makefile2:78: CMakeFiles/client.dir/all] Error 2
[19.098s] make: *** [Makefile:141: all] Error 2
[19.100s] Invoked command in '/home/alikasim/dev_ws/src/software_training_assingment/build/software_training_assingment' returned '2': CMAKE_PREFIX_PATH=${CMAKE_PREFIX_PATH}:/home/alikasim/ros2_foxy/install/ros2bag:/home/alikasim/ros2_foxy/install/tracetools_launch:/home/alikasim/ros2_foxy/install/topic_monitor:/home/alikasim/ros2_foxy/install/examples_tf2_py:/home/alikasim/ros2_foxy/install/sros2:/home/alikasim/ros2_foxy/install/rqt_topic:/home/alikasim/ros2_foxy/install/rqt_top:/home/alikasim/ros2_foxy/install/rqt_srv:/home/alikasim/ros2_foxy/install/rqt_shell:/home/alikasim/ros2_foxy/install/rqt_service_caller:/home/alikasim/ros2_foxy/install/rqt_reconfigure:/home/alikasim/ros2_foxy/install/rqt_py_console:/home/alikasim/ros2_foxy/install/rqt_publisher:/home/alikasim/ros2_foxy/install/rqt_plot:/home/alikasim/ros2_foxy/install/rqt_action:/home/alikasim/ros2_foxy/install/rqt_msg:/home/alikasim/ros2_foxy/install/rqt:/home/alikasim/ros2_foxy/install/rqt_graph:/home/alikasim/ros2_foxy/install/rqt_gui_py:/home/alikasim/ros2_foxy/install/rqt_gui:/home/alikasim/ros2_foxy/install/ros2trace:/home/alikasim/ros2_foxy/install/ros2topic:/home/alikasim/ros2_foxy/install/ros2test:/home/alikasim/ros2_foxy/install/ros2component:/home/alikasim/ros2_foxy/install/ros2param:/home/alikasim/ros2_foxy/install/ros2lifecycle:/home/alikasim/ros2_foxy/install/ros2service:/home/alikasim/ros2_foxy/install/ros2run:/home/alikasim/ros2_foxy/install/ros2launch:/home/alikasim/ros2_foxy/install/ros2pkg:/home/alikasim/ros2_foxy/install/ros2node:/home/alikasim/ros2_foxy/install/ros2multicast:/home/alikasim/ros2_foxy/install/ros2interface:/home/alikasim/ros2_foxy/install/ros2doctor:/home/alikasim/ros2_foxy/install/ros2action:/home/alikasim/ros2_foxy/install/ros2cli:/home/alikasim/ros2_foxy/install/quality_of_service_demo_py:/home/alikasim/ros2_foxy/install/launch_testing_ros:/home/alikasim/ros2_foxy/install/launch_ros:/home/alikasim/ros2_foxy/install/examples_rclpy_minimal_subscriber:/home/alikasim/ros2_foxy/install/examples_rclpy_minimal_service:/home/alikasim/ros2_foxy/install/examples_rclpy_minimal_publisher:/home/alikasim/ros2_foxy/install/examples_rclpy_minimal_client:/home/alikasim/ros2_foxy/install/examples_rclpy_minimal_action_server:/home/alikasim/ros2_foxy/install/examples_rclpy_minimal_action_client:/home/alikasim/ros2_foxy/install/examples_rclpy_executors:/home/alikasim/ros2_foxy/install/demo_nodes_py:/home/alikasim/ros2_foxy/install/action_tutorials_py:/home/alikasim/ros2_foxy/install/ament_uncrustify:/home/alikasim/ros2_foxy/install/tracetools_trace:/home/alikasim/ros2_foxy/install/tracetools_read:/home/alikasim/ros2_foxy/install/test_launch_ros:/home/alikasim/ros2_foxy/install/sensor_msgs_py:/home/alikasim/ros2_foxy/install/rpyutils:/home/alikasim/ros2_foxy/install/rosidl_runtime_py:/home/alikasim/ros2_foxy/install/launch_yaml:/home/alikasim/ros2_foxy/install/launch_xml:/home/alikasim/ros2_foxy/install/launch_testing:/home/alikasim/ros2_foxy/install/launch:/home/alikasim/ros2_foxy/install/osrf_pycommon:/home/alikasim/ros2_foxy/install/domain_coordinator:/home/alikasim/ros2_foxy/install/ament_xmllint:/home/alikasim/ros2_foxy/install/ament_pyflakes:/home/alikasim/ros2_foxy/install/ament_pycodestyle:/home/alikasim/ros2_foxy/install/ament_pep257:/home/alikasim/ros2_foxy/install/ament_pclint:/home/alikasim/ros2_foxy/install/ament_package:/home/alikasim/ros2_foxy/install/ament_mypy:/home/alikasim/ros2_foxy/install/ament_lint_cmake:/home/alikasim/ros2_foxy/install/ament_flake8:/home/alikasim/ros2_foxy/install/ament_copyright:/home/alikasim/ros2_foxy/install/ament_lint:/home/alikasim/ros2_foxy/install/ament_index_python:/home/alikasim/ros2_foxy/install/ament_cpplint:/home/alikasim/ros2_foxy/install/ament_cppcheck:/home/alikasim/ros2_foxy/install/ament_clang_tidy:/home/alikasim/ros2_foxy/install/ament_clang_format /usr/bin/cmake --build /home/alikasim/dev_ws/src/software_training_assingment/build/software_training_assingment -- -j8 -l8
