[ 12%] Built target challenge_package__rosidl_generator_c
[ 12%] Built target challenge_package__cpp
[ 21%] Built target challenge_package__rosidl_typesupport_c
[ 30%] Built target challenge_package__rosidl_typesupport_cpp
[ 39%] Built target challenge_package__rosidl_typesupport_introspection_cpp
[ 48%] Built target challenge_package__rosidl_typesupport_introspection_c
[ 57%] Built target challenge_package__rosidl_typesupport_fastrtps_cpp
[ 66%] Built target challenge_package__rosidl_typesupport_fastrtps_c
[ 66%] Built target challenge_package
[35m[1mScanning dependencies of target clear_turtle_listener[0m
[ 69%] Built target challenge_package__py
[ 72%] [32mBuilding CXX object CMakeFiles/clear_turtle_listener.dir/src/clear_turtles.cpp.o[0m
[ 78%] Built target challenge_package__python
[ 84%] Built target challenge_package__rosidl_typesupport_introspection_c__pyext
[ 90%] Built target challenge_package__rosidl_typesupport_c__pyext
[ 96%] Built target challenge_package__rosidl_typesupport_fastrtps_c__pyext
[01m[K/home/evanw/Desktop/uwrt/challenge_ws/src/challenge_package/src/clear_turtles.cpp:[m[K In constructor â€˜[01m[KKillTurtlesSubscriber::KillTurtlesSubscriber()[m[Kâ€™:
[01m[K/home/evanw/Desktop/uwrt/challenge_ws/src/challenge_package/src/clear_turtles.cpp:28:29:[m[K [01;31m[Kerror: [m[Kparse error in template argument list
   28 |       subscription_ = this->[01;31m[Kcreate_subscription<challenge_package::msg::Names& msg>[m[K(
      |                             [01;31m[K^~~~~~~~~~~~~~~~~~~~~~~~~~~~~~~~~~~~~~~~~~~~~~~~~~~~~~~[m[K
[01m[K/home/evanw/Desktop/uwrt/challenge_ws/src/challenge_package/src/clear_turtles.cpp:29:38:[m[K [01;31m[Kerror: [m[Kâ€˜[01m[KMinimalSubscriber[m[Kâ€™ has not been declared
   29 |       "kill_turtles", 10, std::bind(&[01;31m[KMinimalSubscriber[m[K::topic_callback, this, _1));
      |                                      [01;31m[K^~~~~~~~~~~~~~~~~[m[K
[01m[K/home/evanw/Desktop/uwrt/challenge_ws/src/challenge_package/src/clear_turtles.cpp:[m[K In member function â€˜[01m[Kvoid KillTurtlesSubscriber::topic_callback(const Names&) const[m[Kâ€™:
[01m[K/home/evanw/Desktop/uwrt/challenge_ws/src/challenge_package/src/clear_turtles.cpp:38:30:[m[K [01;31m[Kerror: [m[Kbase operand of â€˜[01m[K->[m[Kâ€™ has non-pointer type â€˜[01m[Kconst Names[m[Kâ€™ {aka â€˜[01m[Kconst challenge_package::msg::Names_<std::allocator<void> >[m[Kâ€™}
   38 |       for (int i = 0; i < msg[01;31m[K->[m[Knames.size; i++) {
      |                              [01;31m[K^~[m[K
[01m[K/home/evanw/Desktop/uwrt/challenge_ws/src/challenge_package/src/clear_turtles.cpp:39:37:[m[K [01;31m[Kerror: [m[Kbase operand of â€˜[01m[K->[m[Kâ€™ has non-pointer type â€˜[01m[Kconst Names[m[Kâ€™ {aka â€˜[01m[Kconst challenge_package::msg::Names_<std::allocator<void> >[m[Kâ€™}
   39 |         const std::string name = msg[01;31m[K->[m[Knames[i];
      |                                     [01;31m[K^~[m[K
make[2]: *** [CMakeFiles/clear_turtle_listener.dir/build.make:63: CMakeFiles/clear_turtle_listener.dir/src/clear_turtles.cpp.o] Error 1
make[1]: *** [CMakeFiles/Makefile2:124: CMakeFiles/clear_turtle_listener.dir/all] Error 2
make: *** [Makefile:141: all] Error 2
