[35m[1mScanning dependencies of target client[0m
[ 50%] [32mBuilding CXX object CMakeFiles/client.dir/src/clear_turtles.cpp.o[0m
[01m[K/home/alikasim/dev_ws/src/software_training_assingment/src/clear_turtles.cpp:[m[K In function â€˜[01m[Kint main(int, char**)[m[Kâ€™:
[01m[K/home/alikasim/dev_ws/src/software_training_assingment/src/clear_turtles.cpp:17:35:[m[K [01;31m[Kerror: [m[Kâ€˜[01m[Kstd_srvs[m[Kâ€™ was not declared in this scope
   17 |   auto request = std::make_shared<[01;31m[Kstd_srvs[m[K::srv::Kill::Request>();
      |                                   [01;31m[K^~~~~~~~[m[K
[01m[K/home/alikasim/dev_ws/src/software_training_assingment/src/clear_turtles.cpp:17:23:[m[K [01;31m[Kerror: [m[Kparse error in template argument list
   17 |   auto request = std::[01;31m[Kmake_shared<std_srvs::srv::Kill::Request>[m[K();
      |                       [01;31m[K^~~~~~~~~~~~~~~~~~~~~~~~~~~~~~~~~~~~~~~~~[m[K
[01m[K/home/alikasim/dev_ws/src/software_training_assingment/src/clear_turtles.cpp:17:65:[m[K [01;31m[Kerror: [m[Kno matching function for call to â€˜[01m[Kmake_shared<<expression error> >()[m[Kâ€™
   17 |   auto request = std::make_shared<std_srvs::srv::Kill::Request>([01;31m[K)[m[K;
      |                                                                 [01;31m[K^[m[K
In file included from [01m[K/usr/include/c++/9/memory:81[m[K,
                 from [01m[K/home/alikasim/ros2_foxy/install/rclcpp/include/rclcpp/rclcpp.hpp:144[m[K,
                 from [01m[K/home/alikasim/dev_ws/src/software_training_assingment/src/clear_turtles.cpp:1[m[K:
[01m[K/usr/include/c++/9/bits/shared_ptr.h:714:5:[m[K [01;36m[Knote: [m[Kcandidate: â€˜[01m[Ktemplate<class _Tp, class ... _Args> std::shared_ptr<_Tp> std::make_shared(_Args&& ...)[m[Kâ€™
  714 |     [01;36m[Kmake_shared[m[K(_Args&&... __args)
      |     [01;36m[K^~~~~~~~~~~[m[K
[01m[K/usr/include/c++/9/bits/shared_ptr.h:714:5:[m[K [01;36m[Knote: [m[K  template argument deduction/substitution failed:
[01m[K/home/alikasim/dev_ws/src/software_training_assingment/src/clear_turtles.cpp:17:65:[m[K [01;31m[Kerror: [m[Ktemplate argument 1 is invalid
   17 |   auto request = std::make_shared<std_srvs::srv::Kill::Request>([01;31m[K)[m[K;
      |                                                                 [01;31m[K^[m[K
make[2]: *** [CMakeFiles/client.dir/build.make:63: CMakeFiles/client.dir/src/clear_turtles.cpp.o] Error 1
make[1]: *** [CMakeFiles/Makefile2:78: CMakeFiles/client.dir/all] Error 2
make: *** [Makefile:141: all] Error 2
